<?xml version="1.0" encoding="UTF-8"?>
<!-- Generated by org.testng.reporters.JUnitReportReporter -->
<testsuite hostname="DESKTOP-L4VJQHV" failures="0" tests="2" name="com.test.contactpagetest.ContactPageTest" time="23.218" errors="0" timestamp="2025-03-27T09:01:59 NZDT" skipped="0">
  <testcase classname="com.test.contactpagetest.ContactPageTest" name="testContactPageFormErrorMessagesForMandatoryFields" time="5.468"/>
  <testcase classname="com.test.contactpagetest.ContactPageTest" name="testContactPageFormSucessfulSubmission" time="17.750"/>
</testsuite> <!-- com.test.contactpagetest.ContactPageTest -->
