<?xml version="1.0" encoding="UTF-8"?>
<!-- Generated by org.testng.reporters.JUnitReportReporter -->
<testsuite hostname="DESKTOP-L4VJQHV" failures="0" tests="1" name="com.test.shoppingcarttest.ShoppingCartTest" time="8.031" errors="0" timestamp="2025-03-27T10:03:01 NZDT" skipped="0">
  <testcase classname="com.test.shoppingcarttest.ShoppingCartTest" name="testShoppingCart" time="8.031"/>
</testsuite> <!-- com.test.shoppingcarttest.ShoppingCartTest -->
