<?xml version="1.0" encoding="UTF-8"?>
<!-- Generated by org.testng.reporters.JUnitReportReporter -->
<testsuite hostname="DESKTOP-L4VJQHV" failures="0" tests="1" name="com.test.homepagetest.HomePageTest" time="3.927" errors="0" timestamp="2025-03-27T10:10:26 NZDT" skipped="0">
  <testcase classname="com.test.homepagetest.HomePageTest" name="testHomePage" time="3.927"/>
</testsuite> <!-- com.test.homepagetest.HomePageTest -->
