<?xml version="1.0" encoding="UTF-8"?>
<!-- Generated by org.testng.reporters.JUnitReportReporter -->
<testsuite hostname="DESKTOP-L4VJQHV" failures="0" tests="1" name="com.test.homepage.JupiterHomePageTest" time="5.412" errors="0" timestamp="2025-03-25T17:40:14 NZDT" skipped="0">
  <testcase classname="com.test.homepage.JupiterHomePageTest" name="testHomePage" time="5.412"/>
</testsuite> <!-- com.test.homepage.JupiterHomePageTest -->
